c:\users\christophe\desktop\unity-technologies-windowsstoreappssamples\nativeplugins\source\plugins\wsaplugins\debug\dllmain.obj
c:\users\christophe\desktop\unity-technologies-windowsstoreappssamples\nativeplugins\source\plugins\wsaplugins\debug\plugins.pch
c:\users\christophe\desktop\unity-technologies-windowsstoreappssamples\nativeplugins\source\plugins\wsaplugins\debug\vc141.pdb
c:\users\christophe\desktop\unity-technologies-windowsstoreappssamples\nativeplugins\source\plugins\wsaplugins\debug\vc141.idb
c:\users\christophe\desktop\unity-technologies-windowsstoreappssamples\nativeplugins\source\plugins\wsaplugins\debug\stdafx.obj
c:\users\christophe\desktop\unity-technologies-windowsstoreappssamples\nativeplugins\source\plugins\wsaplugins\debug\plugins-wsa.obj
c:\users\christophe\desktop\unity-technologies-windowsstoreappssamples\nativeplugins\source\plugins\debug\wsaplugins\plugins.dll
c:\users\christophe\desktop\unity-technologies-windowsstoreappssamples\nativeplugins\source\plugins\debug\wsaplugins\plugins.ilk
c:\users\christophe\desktop\unity-technologies-windowsstoreappssamples\nativeplugins\source\plugins\debug\wsaplugins\plugins.pdb
c:\users\christophe\desktop\unity-technologies-windowsstoreappssamples\nativeplugins\source\plugins\wsaplugins\debug\wsaplugins.vcxprojresolveassemblyreference.cache
c:\users\christophe\desktop\unity-technologies-windowsstoreappssamples\nativeplugins\source\plugins\wsaplugins\debug\priconfig.xml
c:\users\christophe\desktop\unity-technologies-windowsstoreappssamples\nativeplugins\source\plugins\wsaplugins\debug\priconfig.xml.intermediate
c:\users\christophe\desktop\unity-technologies-windowsstoreappssamples\nativeplugins\source\plugins\wsaplugins\debug\layout.resfiles
c:\users\christophe\desktop\unity-technologies-windowsstoreappssamples\nativeplugins\source\plugins\wsaplugins\debug\layout.resfiles.intermediate
c:\users\christophe\desktop\unity-technologies-windowsstoreappssamples\nativeplugins\source\plugins\wsaplugins\debug\resources.resfiles
c:\users\christophe\desktop\unity-technologies-windowsstoreappssamples\nativeplugins\source\plugins\wsaplugins\debug\resources.resfiles.intermediate
c:\users\christophe\desktop\unity-technologies-windowsstoreappssamples\nativeplugins\source\plugins\wsaplugins\debug\pri.resfiles
c:\users\christophe\desktop\unity-technologies-windowsstoreappssamples\nativeplugins\source\plugins\wsaplugins\debug\pri.resfiles.intermediate
c:\users\christophe\desktop\unity-technologies-windowsstoreappssamples\nativeplugins\source\plugins\debug\wsaplugins\metroplugins.pri
c:\users\christophe\desktop\unity-technologies-windowsstoreappssamples\nativeplugins\source\plugins\wsaplugins\debug\qualifiers.txt
c:\users\christophe\desktop\unity-technologies-windowsstoreappssamples\nativeplugins\source\plugins\wsaplugins\debug\qualifiers.txt.intermediate
c:\users\christophe\desktop\unity-technologies-windowsstoreappssamples\nativeplugins\source\plugins\wsaplugins\debug\multiplequalifiersperdimensionfound.txt
c:\users\christophe\desktop\unity-technologies-windowsstoreappssamples\nativeplugins\source\plugins\debug\wsaplugins\plugins.lib
c:\users\christophe\desktop\unity-technologies-windowsstoreappssamples\nativeplugins\source\plugins\debug\wsaplugins\plugins.exp
c:\users\christophe\desktop\unity-technologies-windowsstoreappssamples\nativeplugins\source\plugins\wsaplugins\debug\embed.resfiles
c:\users\christophe\desktop\unity-technologies-windowsstoreappssamples\nativeplugins\source\plugins\wsaplugins\debug\wsaplugins.tlog\cl.command.1.tlog
c:\users\christophe\desktop\unity-technologies-windowsstoreappssamples\nativeplugins\source\plugins\wsaplugins\debug\wsaplugins.tlog\cl.read.1.tlog
c:\users\christophe\desktop\unity-technologies-windowsstoreappssamples\nativeplugins\source\plugins\wsaplugins\debug\wsaplugins.tlog\cl.write.1.tlog
c:\users\christophe\desktop\unity-technologies-windowsstoreappssamples\nativeplugins\source\plugins\wsaplugins\debug\wsaplugins.tlog\link.command.1.tlog
c:\users\christophe\desktop\unity-technologies-windowsstoreappssamples\nativeplugins\source\plugins\wsaplugins\debug\wsaplugins.tlog\link.read.1.tlog
c:\users\christophe\desktop\unity-technologies-windowsstoreappssamples\nativeplugins\source\plugins\wsaplugins\debug\wsaplugins.tlog\link.write.1.tlog
c:\users\christophe\desktop\unity-technologies-windowsstoreappssamples\nativeplugins\source\plugins\wsaplugins\debug\wsaplugins.tlog\wsaplugins.read.1u.tlog
c:\users\christophe\desktop\unity-technologies-windowsstoreappssamples\nativeplugins\source\plugins\wsaplugins\debug\wsaplugins.tlog\wsaplugins.write.1u.tlog
